# JRE version: OpenJDK Runtime Environment (20.0.2+9) (build 20.0.2+9-78)
# Java VM: OpenJDK 64-Bit Server VM (20.0.2+9-78, mixed mode, sharing, tiered, compressed oops, compressed class ptrs, g1 gc, windows-amd64)
GC Precious Log:
 CardTable entry size: 512
 Card Set container configuration: InlinePtr #cards 5 size 8 Array Of Cards #cards 12 size 40 Howl #buckets 4 coarsen threshold 1843 Howl Bitmap #cards 512 size 80 coarsen threshold 460 Card regions per heap region 1 cards per card region 2048
 CPUs: 4 total, 4 available
 Memory: 4001M
 Large Page Support: Disabled
 NUMA Support: Disabled
 Compressed Oops: Enabled (32-bit)
 Heap Region Size: 1M
 Heap Min Capacity: 256M
 Heap Initial Capacity: 256M
 Heap Max Capacity: 512M
 Pre-touch: Disabled
 Parallel Workers: 4
 Concurrent Workers: 1
 Concurrent Refinement Workers: 4
 Periodic GC: Disabled
Heap:
 garbage-first heap   total 262144K, used 56236K [0x00000000e0000000, 0x0000000100000000)
  region size 1024K, 5 young (5120K), 3 survivors (3072K)
 Metaspace       used 65167K, committed 67136K, reserved 380928K
  class space    used 9080K, committed 10048K, reserved 315392K
GC Heap History (20 events):
Event: 19.922 GC heap before
{Heap before GC invocations=5 (full 0):
 garbage-first heap   total 262144K, used 129875K [0x00000000e0000000, 0x0000000100000000)
  region size 1024K, 112 young (114688K), 12 survivors (12288K)
 Metaspace       used 34336K, committed 35648K, reserved 380928K
  class space    used 4791K, committed 5440K, reserved 315392K
}
Event: 19.960 GC heap after
{Heap after GC invocations=6 (full 0):
 garbage-first heap   total 262144K, used 32018K [0x00000000e0000000, 0x0000000100000000)
  region size 1024K, 9 young (9216K), 9 survivors (9216K)
 Metaspace       used 34336K, committed 35648K, reserved 380928K
  class space    used 4791K, committed 5440K, reserved 315392K
}
Event: 20.165 GC heap before
{Heap before GC invocations=6 (full 0):
 garbage-first heap   total 262144K, used 37138K [0x00000000e0000000, 0x0000000100000000)
  region size 1024K, 15 young (15360K), 9 survivors (9216K)
 Metaspace       used 34855K, committed 36160K, reserved 380928K
  class space    used 4845K, committed 5504K, reserved 315392K
}
Event: 20.184 GC heap after
{Heap after GC invocations=7 (full 0):
 garbage-first heap   total 262144K, used 32089K [0x00000000e0000000, 0x0000000100000000)
  region size 1024K, 2 young (2048K), 2 survivors (2048K)
 Metaspace       used 34855K, committed 36160K, reserved 380928K
  class space    used 4845K, committed 5504K, reserved 315392K
}
Event: 20.668 GC heap before
{Heap before GC invocations=7 (full 0):
 garbage-first heap   total 262144K, used 38233K [0x00000000e0000000, 0x0000000100000000)
  region size 1024K, 9 young (9216K), 2 survivors (2048K)
 Metaspace       used 35233K, committed 36480K, reserved 380928K
  class space    used 4905K, committed 5568K, reserved 315392K
}
Event: 20.673 GC heap after
{Heap after GC invocations=8 (full 0):
 garbage-first heap   total 262144K, used 32168K [0x00000000e0000000, 0x0000000100000000)
  region size 1024K, 2 young (2048K), 2 survivors (2048K)
 Metaspace       used 35233K, committed 36480K, reserved 380928K
  class space    used 4905K, committed 5568K, reserved 315392K
}
Event: 25.127 GC heap before
{Heap before GC invocations=9 (full 0):
 garbage-first heap   total 262144K, used 170408K [0x00000000e0000000, 0x0000000100000000)
  region size 1024K, 136 young (139264K), 2 survivors (2048K)
 Metaspace       used 49268K, committed 51008K, reserved 380928K
  class space    used 7061K, committed 7936K, reserved 315392K
}
Event: 25.158 GC heap after
{Heap after GC invocations=10 (full 0):
 garbage-first heap   total 262144K, used 42272K [0x00000000e0000000, 0x0000000100000000)
  region size 1024K, 12 young (12288K), 12 survivors (12288K)
 Metaspace       used 49268K, committed 51008K, reserved 380928K
  class space    used 7061K, committed 7936K, reserved 315392K
}
Event: 28.250 GC heap before
{Heap before GC invocations=10 (full 0):
 garbage-first heap   total 262144K, used 103712K [0x00000000e0000000, 0x0000000100000000)
  region size 1024K, 74 young (75776K), 12 survivors (12288K)
 Metaspace       used 59315K, committed 61120K, reserved 380928K
  class space    used 8511K, committed 9408K, reserved 315392K
}
Event: 28.296 GC heap after
{Heap after GC invocations=11 (full 0):
 garbage-first heap   total 262144K, used 48390K [0x00000000e0000000, 0x0000000100000000)
  region size 1024K, 17 young (17408K), 17 survivors (17408K)
 Metaspace       used 59315K, committed 61120K, reserved 380928K
  class space    used 8511K, committed 9408K, reserved 315392K
}
Event: 28.336 GC heap before
{Heap before GC invocations=11 (full 0):
 garbage-first heap   total 262144K, used 49414K [0x00000000e0000000, 0x0000000100000000)
  region size 1024K, 19 young (19456K), 17 survivors (17408K)
 Metaspace       used 59633K, committed 61440K, reserved 380928K
  class space    used 8567K, committed 9472K, reserved 315392K
}
Event: 28.410 GC heap after
{Heap after GC invocations=12 (full 0):
 garbage-first heap   total 262144K, used 48876K [0x00000000e0000000, 0x0000000100000000)
  region size 1024K, 7 young (7168K), 7 survivors (7168K)
 Metaspace       used 59633K, committed 61440K, reserved 380928K
  class space    used 8567K, committed 9472K, reserved 315392K
}
Event: 1862.454 GC heap before
{Heap before GC invocations=13 (full 0):
 garbage-first heap   total 262144K, used 197356K [0x00000000e0000000, 0x0000000100000000)
  region size 1024K, 153 young (156672K), 7 survivors (7168K)
 Metaspace       used 65003K, committed 66880K, reserved 380928K
  class space    used 9079K, committed 10048K, reserved 315392K
}
Event: 1863.749 GC heap after
{Heap after GC invocations=14 (full 0):
 garbage-first heap   total 262144K, used 52633K [0x00000000e0000000, 0x0000000100000000)
  region size 1024K, 11 young (11264K), 11 survivors (11264K)
 Metaspace       used 65003K, committed 66880K, reserved 380928K
  class space    used 9079K, committed 10048K, reserved 315392K
}
Event: 1863.900 GC heap before
{Heap before GC invocations=14 (full 0):
 garbage-first heap   total 262144K, used 53657K [0x00000000e0000000, 0x0000000100000000)
  region size 1024K, 12 young (12288K), 11 survivors (11264K)
 Metaspace       used 65007K, committed 66944K, reserved 380928K
  class space    used 9079K, committed 10048K, reserved 315392K
}
Event: 1864.003 GC heap after
{Heap after GC invocations=15 (full 0):
 garbage-first heap   total 262144K, used 52620K [0x00000000e0000000, 0x0000000100000000)
  region size 1024K, 2 young (2048K), 2 survivors (2048K)
 Metaspace       used 65007K, committed 66944K, reserved 380928K
  class space    used 9079K, committed 10048K, reserved 315392K
}
Event: 2690.540 GC heap before
{Heap before GC invocations=15 (full 0):
 garbage-first heap   total 262144K, used 71052K [0x00000000e0000000, 0x0000000100000000)
  region size 1024K, 21 young (21504K), 2 survivors (2048K)
 Metaspace       used 65039K, committed 67008K, reserved 380928K
  class space    used 9079K, committed 10048K, reserved 315392K
}
Event: 2690.586 GC heap after
{Heap after GC invocations=16 (full 0):
 garbage-first heap   total 262144K, used 55193K [0x00000000e0000000, 0x0000000100000000)
  region size 1024K, 3 young (3072K), 3 survivors (3072K)
 Metaspace       used 65039K, committed 67008K, reserved 380928K
  class space    used 9079K, committed 10048K, reserved 315392K
}
Event: 2770.219 GC heap before
{Heap before GC invocations=16 (full 0):
 garbage-first heap   total 262144K, used 68505K [0x00000000e0000000, 0x0000000100000000)
  region size 1024K, 17 young (17408K), 3 survivors (3072K)
 Metaspace       used 65137K, committed 67136K, reserved 380928K
  class space    used 9080K, committed 10048K, reserved 315392K
}
Event: 2770.538 GC heap after
{Heap after GC invocations=17 (full 0):
 garbage-first heap   total 262144K, used 55212K [0x00000000e0000000, 0x0000000100000000)
  region size 1024K, 3 young (3072K), 3 survivors (3072K)
 Metaspace       used 65137K, committed 67136K, reserved 380928K
  class space    used 9080K, committed 10048K, reserved 315392K
}

